CRITICAL - 2026-06-22 00:40:09 --> Undefined variable $title
#0 C:\xampp\htdocs\lab11_ci\ci4\app\Controllers\Artikel.php(34): CodeIgniter\Debug\Exceptions->errorHandler(2, 'Undefined varia...', 'C:\\xampp\\htdocs...', 34)
#1 C:\xampp\htdocs\lab11_ci\ci4\system\CodeIgniter.php(931): App\Controllers\Artikel->admin_index()
#2 C:\xampp\htdocs\lab11_ci\ci4\system\CodeIgniter.php(439): CodeIgniter\CodeIgniter->runController(Object(App\Controllers\Artikel))
#3 C:\xampp\htdocs\lab11_ci\ci4\system\CodeIgniter.php(339): CodeIgniter\CodeIgniter->handleRequest(NULL, Object(Config\Cache), false)
#4 C:\xampp\htdocs\lab11_ci\ci4\public\index.php(36): CodeIgniter\CodeIgniter->run()
#5 C:\xampp\htdocs\lab11_ci\ci4\system\Commands\Server\rewrite.php(45): require_once('C:\\xampp\\htdocs...')
#6 {main}
ERROR - 2026-06-22 00:54:53 --> MySQL server has gone away
CRITICAL - 2026-06-22 00:54:53 --> MySQL server has gone away
#0 C:\xampp\htdocs\lab11_ci\ci4\system\Database\MySQLi\Connection.php(329): mysqli->query('SELECT COUNT(*)...')
#1 C:\xampp\htdocs\lab11_ci\ci4\system\Database\BaseConnection.php(732): CodeIgniter\Database\MySQLi\Connection->execute('SELECT COUNT(*)...')
#2 C:\xampp\htdocs\lab11_ci\ci4\system\Database\BaseConnection.php(647): CodeIgniter\Database\BaseConnection->simpleQuery('SELECT COUNT(*)...')
#3 C:\xampp\htdocs\lab11_ci\ci4\system\Database\BaseBuilder.php(1981): CodeIgniter\Database\BaseConnection->query('SELECT COUNT(*)...', Array, false)
#4 C:\xampp\htdocs\lab11_ci\ci4\system\Model.php(561): CodeIgniter\Database\BaseBuilder->countAllResults(false)
#5 C:\xampp\htdocs\lab11_ci\ci4\system\BaseModel.php(1147): CodeIgniter\Model->countAllResults(false)
#6 C:\xampp\htdocs\lab11_ci\ci4\app\Controllers\Artikel.php(39): CodeIgniter\BaseModel->paginate(10)
#7 C:\xampp\htdocs\lab11_ci\ci4\system\CodeIgniter.php(931): App\Controllers\Artikel->admin_index()
#8 C:\xampp\htdocs\lab11_ci\ci4\system\CodeIgniter.php(439): CodeIgniter\CodeIgniter->runController(Object(App\Controllers\Artikel))
#9 C:\xampp\htdocs\lab11_ci\ci4\system\CodeIgniter.php(339): CodeIgniter\CodeIgniter->handleRequest(NULL, Object(Config\Cache), false)
#10 C:\xampp\htdocs\lab11_ci\ci4\public\index.php(36): CodeIgniter\CodeIgniter->run()
#11 C:\xampp\htdocs\lab11_ci\ci4\system\Commands\Server\rewrite.php(45): require_once('C:\\xampp\\htdocs...')
#12 {main}
CRITICAL - 2026-06-22 00:59:21 --> Call to undefined method CodeIgniter\Database\MySQLi\Builder::paginate()
#0 C:\xampp\htdocs\lab11_ci\ci4\system\CodeIgniter.php(931): App\Controllers\Artikel->admin_index()
#1 C:\xampp\htdocs\lab11_ci\ci4\system\CodeIgniter.php(439): CodeIgniter\CodeIgniter->runController(Object(App\Controllers\Artikel))
#2 C:\xampp\htdocs\lab11_ci\ci4\system\CodeIgniter.php(339): CodeIgniter\CodeIgniter->handleRequest(NULL, Object(Config\Cache), false)
#3 C:\xampp\htdocs\lab11_ci\ci4\public\index.php(36): CodeIgniter\CodeIgniter->run()
#4 C:\xampp\htdocs\lab11_ci\ci4\system\Commands\Server\rewrite.php(45): require_once('C:\\xampp\\htdocs...')
#5 {main}
CRITICAL - 2026-06-22 01:00:34 --> Undefined variable $data
#0 C:\xampp\htdocs\lab11_ci\ci4\app\Views\artikel\form_edit.php(9): CodeIgniter\Debug\Exceptions->errorHandler(2, 'Undefined varia...', 'C:\\xampp\\htdocs...', 9)
#1 C:\xampp\htdocs\lab11_ci\ci4\system\View\View.php(230): include('C:\\xampp\\htdocs...')
#2 C:\xampp\htdocs\lab11_ci\ci4\system\View\View.php(232): CodeIgniter\View\View->CodeIgniter\View\{closure}()
#3 C:\xampp\htdocs\lab11_ci\ci4\system\Common.php(1250): CodeIgniter\View\View->render('artikel/form_ed...', Array, true)
#4 C:\xampp\htdocs\lab11_ci\ci4\app\Controllers\Artikel.php(122): view('artikel/form_ed...', Array)
#5 C:\xampp\htdocs\lab11_ci\ci4\system\CodeIgniter.php(931): App\Controllers\Artikel->edit('1')
#6 C:\xampp\htdocs\lab11_ci\ci4\system\CodeIgniter.php(439): CodeIgniter\CodeIgniter->runController(Object(App\Controllers\Artikel))
#7 C:\xampp\htdocs\lab11_ci\ci4\system\CodeIgniter.php(339): CodeIgniter\CodeIgniter->handleRequest(NULL, Object(Config\Cache), false)
#8 C:\xampp\htdocs\lab11_ci\ci4\public\index.php(36): CodeIgniter\CodeIgniter->run()
#9 C:\xampp\htdocs\lab11_ci\ci4\system\Commands\Server\rewrite.php(45): require_once('C:\\xampp\\htdocs...')
#10 {main}
